<?xml version="1.0" encoding="UTF-8"?>
<!-- Generated by org.testng.reporters.JUnitReportReporter -->
<testsuite hostname="LAPTOP-Personal" failures="0" tests="1" name="testCases.TC005_routesAndTopics" time="7.561" errors="0" timestamp="2021-02-21T12:13:06 CET" skipped="0">
  <testcase classname="testCases.TC005_routesAndTopics" name="RoutesTopicTest" time="7.561"/>
  <system-out/>
</testsuite> <!-- testCases.TC005_routesAndTopics -->
