<?xml version="1.0" encoding="UTF-8"?>
<!-- Generated by org.testng.reporters.JUnitReportReporter -->
<testsuite hostname="LAPTOP-Personal" failures="0" tests="1" name="testCases.TC001_simpleLoginTest" time="5.397" errors="0" timestamp="2021-02-22T13:36:46 CET" skipped="0">
  <testcase classname="testCases.TC001_simpleLoginTest" name="LoginTest" time="5.397"/>
  <system-out/>
</testsuite> <!-- testCases.TC001_simpleLoginTest -->
