<?xml version="1.0" encoding="UTF-8"?>
<!-- Generated by org.testng.reporters.JUnitReportReporter -->
<testsuite hostname="LAPTOP-Personal" failures="0" tests="1" name="testCases.test_simpleLogin2" time="20.719" errors="0" timestamp="2021-02-21T00:06:01 CET" skipped="0">
  <testcase classname="testCases.test_simpleLogin2" name="Login" time="20.719"/>
  <system-out/>
</testsuite> <!-- testCases.test_simpleLogin2 -->
