<?xml version="1.0" encoding="UTF-8"?>
<!-- Generated by org.testng.reporters.JUnitReportReporter -->
<testsuite hostname="LAPTOP-Personal" failures="0" tests="1" name="testCases.TC004_dataDrivenSimpleLogin" time="13.028" errors="0" timestamp="2021-02-21T11:41:14 CET" skipped="0">
  <testcase classname="testCases.TC004_dataDrivenSimpleLogin" name="DataDrivernLoginTest" time="13.028"/>
  <system-out/>
</testsuite> <!-- testCases.TC004_dataDrivenSimpleLogin -->
