<?xml version="1.0" encoding="UTF-8"?>
<!-- Generated by org.testng.reporters.JUnitReportReporter -->
<testsuite hostname="LAPTOP-Personal" failures="0" tests="1" name="testCases.TC005_dataDrivenSimpleLogin" time="8.680" errors="0" timestamp="2021-02-21T20:05:25 CET" skipped="0">
  <testcase classname="testCases.TC005_dataDrivenSimpleLogin" name="DataDrivernLoginTest" time="8.680"/>
  <system-out/>
</testsuite> <!-- testCases.TC005_dataDrivenSimpleLogin -->
