<?xml version="1.0" encoding="UTF-8"?>
<!-- Generated by org.testng.reporters.JUnitReportReporter -->
<testsuite hostname="LAPTOP-Personal" failures="0" tests="1" name="testCases.TC001_simpleLogin" time="19.944" errors="0" timestamp="2021-02-20T23:16:24 CET" skipped="0">
  <testcase classname="testCases.TC001_simpleLogin" name="Login" time="19.944"/>
  <system-out/>
</testsuite> <!-- testCases.TC001_simpleLogin -->
