<?xml version="1.0" encoding="UTF-8"?>
<!-- Generated by org.testng.reporters.JUnitReportReporter -->
<testsuite hostname="LAPTOP-Personal" failures="0" tests="1" name="testCases.TC003_shopPriceTest" time="8.405" errors="0" timestamp="2021-02-22T15:01:45 CET" skipped="0">
  <testcase classname="testCases.TC003_shopPriceTest" name="ShopPriceTest" time="8.405"/>
  <system-out/>
</testsuite> <!-- testCases.TC003_shopPriceTest -->
