<?xml version="1.0" encoding="UTF-8"?>
<!-- Generated by org.testng.reporters.JUnitReportReporter -->
<testsuite hostname="LAPTOP-Personal" failures="0" tests="1" name="testCases.TC002_pageTitleTest" time="9.817" errors="0" timestamp="2021-02-22T15:01:45 CET" skipped="0">
  <testcase classname="testCases.TC002_pageTitleTest" name="PageTitleTest" time="9.817"/>
  <system-out/>
</testsuite> <!-- testCases.TC002_pageTitleTest -->
